<?xml version="1.0" encoding="UTF-8"?>
<testng-results ignored="0" total="1" passed="1" failed="0" skipped="0">
  <reporter-output>
  </reporter-output>
  <suite started-at="2024-07-13T01:52:50 BDT" name="Default suite" finished-at="2024-07-13T01:53:26 BDT" duration-ms="35317">
    <groups>
    </groups>
    <test started-at="2024-07-13T01:52:50 BDT" name="Default test" finished-at="2024-07-13T01:53:26 BDT" duration-ms="35317">
      <class name="JSscript.Dynamic_Discount_Selenium.Test.ProductBaseDiscountTest">
        <test-method is-config="true" signature="Login()[pri:0, instance:JSscript.Dynamic_Discount_Selenium.Test.ProductBaseDiscountTest@3e27aa33]" started-at="2024-07-13T01:52:50 BDT" name="Login" finished-at="2024-07-13T01:52:57 BDT" duration-ms="6276" status="PASS">
          <reporter-output>
          </reporter-output>
        </test-method> <!-- Login -->
        <test-method signature="TestforProductBaseDiscount()[pri:0, instance:JSscript.Dynamic_Discount_Selenium.Test.ProductBaseDiscountTest@3e27aa33]" started-at="2024-07-13T01:52:57 BDT" name="TestforProductBaseDiscount" finished-at="2024-07-13T01:53:26 BDT" duration-ms="29015" status="PASS">
          <reporter-output>
          </reporter-output>
        </test-method> <!-- TestforProductBaseDiscount -->
      </class> <!-- JSscript.Dynamic_Discount_Selenium.Test.ProductBaseDiscountTest -->
    </test> <!-- Default test -->
  </suite> <!-- Default suite -->
</testng-results>
